<?xml version="1.0" encoding="UTF-8" ?>
<testsuite failures="0" time="0.028" errors="0" skipped="0" tests="8" name="org.ib.commons.crypto.SymmetricUtilsTest">
  <properties>
[...]
</properties>
  <testcase time="0.004" classname="org.ib.commons.crypto.SymmetricUtilsTest" name="ioTest"/>
  <testcase time="0.003" classname="org.ib.commons.crypto.SymmetricUtilsTest" name="encryptNoPaddingTest"/>
  <testcase time="0" classname="org.ib.commons.crypto.SymmetricUtilsTest" name="encryptPaddingTest"/>
  <testcase time="0.002" classname="org.ib.commons.crypto.SymmetricUtilsTest" name="cbcTest"/>
  <testcase time="0" classname="org.ib.commons.crypto.SymmetricUtilsTest" name="ctrTest"/>
  <testcase time="0.002" classname="org.ib.commons.crypto.SymmetricUtilsTest" name="arc4Test"/>
  <testcase time="0" classname="org.ib.commons.crypto.SymmetricUtilsTest" name="randomKeyTest"/>
  <testcase time="0.014" classname="org.ib.commons.crypto.SymmetricUtilsTest" name="pbeTest"/>
</testsuite>